<?xml version="1.0" encoding="UTF-8"?>
<!-- Generated by org.testng.reporters.JUnitXMLReporter -->
<testsuite hostname="DESKTOP-QAJVFIP" ignored="0" name="FREE CRM Test" tests="1" failures="1" timestamp="19 Nov 2019 16:16:52 GMT" time="0.947" errors="0">
  <testcase name="feature" time="0.304" classname="MyRunner.TestRunner">
    <failure type="cucumber.runtime.CucumberException" message="java.lang.IllegalStateException: The driver executable does not exist: C:\Users\naveenkhunteta\Downloads\chromedriver">
        <![CDATA[cucumber.runtime.CucumberException: java.lang.IllegalStateException: The driver executable does not exist: C:\Users\naveenkhunteta\Downloads\chromedriver
at cucumber.api.testng.TestNGCucumberRunner.runCucumber(TestNGCucumberRunner.java:69)
at MyRunner.TestRunner.feature(TestRunner.java:36)
at java.util.concurrent.FutureTask.run(Unknown Source)
at java.util.concurrent.ThreadPoolExecutor.runWorker(Unknown Source)
at java.util.concurrent.ThreadPoolExecutor$Worker.run(Unknown Source)
at java.lang.Thread.run(Unknown Source)
Caused by: java.lang.IllegalStateException: The driver executable does not exist: C:\Users\naveenkhunteta\Downloads\chromedriver
at com.google.common.base.Preconditions.checkState(Preconditions.java:585)
at org.openqa.selenium.remote.com.service.DriverService.checkExecutable(DriverService.java:136)
at org.openqa.selenium.remote.com.service.DriverService.findExecutable(DriverService.java:131)
at org.openqa.selenium.chrome.ChromeDriverService.access$000(ChromeDriverService.java:32)
at org.openqa.selenium.chrome.ChromeDriverService$Builder.findDefaultExecutable(ChromeDriverService.java:137)
at org.openqa.selenium.remote.com.service.DriverService$Builder.build(DriverService.java:339)
at org.openqa.selenium.chrome.ChromeDriverService.createDefaultService(ChromeDriverService.java:88)
at org.openqa.selenium.chrome.ChromeDriver.<init>(ChromeDriver.java:123)
at stepDefinitions.LoginStepDefinition.user_already_on_login_page(LoginStepDefinition.java:23)
at ✽.Given user is already on Login Page(login.feature:5)
... Removed 16 stack frames]]>
    </failure>
  </testcase> <!-- feature -->
</testsuite> <!-- FREE CRM Test -->
